<html>
<head>
<title>TestNG:  Default test</title>
<link href="../testng.css" rel="stylesheet" type="text/css" />
<link href="../my-testng.css" rel="stylesheet" type="text/css" />

<style type="text/css">
.log { display: none;} 
.stack-trace { display: none;} 
</style>
<script type="text/javascript">
<!--
function flip(e) {
  current = e.style.display;
  if (current == 'block') {
    e.style.display = 'none';
    return 0;
  }
  else {
    e.style.display = 'block';
    return 1;
  }
}

function toggleBox(szDivId, elem, msg1, msg2)
{
  var res = -1;  if (document.getElementById) {
    res = flip(document.getElementById(szDivId));
  }
  else if (document.all) {
    // this is the way old msie versions work
    res = flip(document.all[szDivId]);
  }
  if(elem) {
    if(res == 0) elem.innerHTML = msg1; else elem.innerHTML = msg2;
  }

}

function toggleAllBoxes() {
  if (document.getElementsByTagName) {
    d = document.getElementsByTagName('div');
    for (i = 0; i < d.length; i++) {
      if (d[i].className == 'log') {
        flip(d[i]);
      }
    }
  }
}

// -->
</script>

</head>
<body>
<h2 align='center'>Default test</h2><table border='1' align="center">
<tr>
<td>Tests passed/Failed/Skipped:</td><td>10/1/0</td>
</tr><tr>
<td>Started on:</td><td>Wed Jul 07 14:48:56 EET 2021</td>
</tr>
<tr><td>Total time:</td><td>731 seconds (731585 ms)</td>
</tr><tr>
<td>Included groups:</td><td></td>
</tr><tr>
<td>Excluded groups:</td><td></td>
</tr>
</table><p/>
<small><i>(Hover the method name to see the test class name)</i></small><p/>
<table width='100%' border='1' class='invocation-failed'>
<tr><td colspan='4' align='center'><b>FAILED TESTS</b></td></tr>
<tr><td><b>Test method</b></td>
<td width="30%"><b>Exception</b></td>
<td width="10%"><b>Time (seconds)</b></td>
<td><b>Instance</b></td>
</tr>
<tr>
<td title='TestCases.CheckPromotion.checkQuantityToValue()'><b>checkQuantityToValue</b><br>Test class: TestCases.CheckPromotion<br>Parameters: bonjour, cash, Caramel chocolate, 1, carbon</td>
<td><div><pre>java.lang.AssertionError: Something wrong with value promotion expected [20.0] but found [0.0]
	at org.testng.Assert.fail(Assert.java:99)
	at org.testng.Assert.failNotEquals(Assert.java:1037)
	at org.testng.Assert.assertEquals(Assert.java:701)
	at TestCases.CheckPromotion.checkQuantityToValue(CheckPromotion.java:158)
	at java.base/jdk.internal.reflect.NativeMethodAccessorImpl.invoke0(Native Method)
	at java.base/jdk.internal.reflect.NativeMethodAccessorImpl.invoke(NativeMethodAccessorImpl.java:64)
	at java.base/jdk.internal.reflect.DelegatingMethodAccessorImpl.invoke(DelegatingMethodAccessorImpl.java:43)
	at java.base/java.lang.reflect.Method.invoke(Method.java:564)
	at org.testng.internal.MethodInvocationHelper.invokeMethod(MethodInvocationHelper.java:132)
	at org.testng.internal.TestInvoker.invokeMethod(TestInvoker.java:599)
	at org.testng.internal.TestInvoker.invokeTestMethod(TestInvoker.java:174)
	at org.testng.internal.MethodRunner.runInSequence(MethodRunner.java:46)
	at org.testng.internal.TestInvoker$MethodInvocationAgent.invoke(TestInvoker.java:822)
	at org.testng.internal.TestInvoker.invokeTestMethods(TestInvoker.java:147)
	at org.testng.internal.TestMethodWorker.invokeTestMethods(TestMethodWorker.java:146)
	at org.testng.internal.TestMethodWorker.run(TestMethodWorker.java:128)
	at java.base/java.util.ArrayList.forEach(ArrayList.java:1511)
	at org.testng.TestRunner.privateRun(TestRunner.java:764)
	at org.testng.TestRunner.run(TestRunner.java:585)
	at org.testng.SuiteRunner.runTest(SuiteRunner.java:384)
	at org.testng.SuiteRunner.runSequentially(SuiteRunner.java:378)
	at org.testng.SuiteRunner.privateRun(SuiteRunner.java:337)
	at org.testng.SuiteRunner.run(SuiteRunner.java:286)
	at org.testng.SuiteRunnerWorker.runSuite(SuiteRunnerWorker.java:53)
	at org.testng.SuiteRunnerWorker.run(SuiteRunnerWorker.java:96)
	at org.testng.TestNG.runSuitesSequentially(TestNG.java:1218)
	at org.testng.TestNG.runSuitesLocally(TestNG.java:1140)
	at org.testng.TestNG.runSuites(TestNG.java:1069)
	at org.testng.TestNG.run(TestNG.java:1037)
	at org.testng.remote.AbstractRemoteTestNG.run(AbstractRemoteTestNG.java:115)
	at org.testng.remote.RemoteTestNG.initAndRun(RemoteTestNG.java:251)
	at org.testng.remote.RemoteTestNG.main(RemoteTestNG.java:77)
</pre></div><a href='#' onClick='toggleBox("stack-trace1312907964", this, "Click to show all stack frames", "Click to hide stack frames")'>Click to show all stack frames</a>
<div class='stack-trace' id='stack-trace1312907964'><pre>java.lang.AssertionError: Something wrong with value promotion expected [20.0] but found [0.0]
	at org.testng.Assert.fail(Assert.java:99)
	at org.testng.Assert.failNotEquals(Assert.java:1037)
	at org.testng.Assert.assertEquals(Assert.java:701)
	at TestCases.CheckPromotion.checkQuantityToValue(CheckPromotion.java:158)
	at java.base/jdk.internal.reflect.NativeMethodAccessorImpl.invoke0(Native Method)
	at java.base/jdk.internal.reflect.NativeMethodAccessorImpl.invoke(NativeMethodAccessorImpl.java:64)
	at java.base/jdk.internal.reflect.DelegatingMethodAccessorImpl.invoke(DelegatingMethodAccessorImpl.java:43)
	at java.base/java.lang.reflect.Method.invoke(Method.java:564)
	at org.testng.internal.MethodInvocationHelper.invokeMethod(MethodInvocationHelper.java:132)
	at org.testng.internal.TestInvoker.invokeMethod(TestInvoker.java:599)
	at org.testng.internal.TestInvoker.invokeTestMethod(TestInvoker.java:174)
	at org.testng.internal.MethodRunner.runInSequence(MethodRunner.java:46)
	at org.testng.internal.TestInvoker$MethodInvocationAgent.invoke(TestInvoker.java:822)
	at org.testng.internal.TestInvoker.invokeTestMethods(TestInvoker.java:147)
	at org.testng.internal.TestMethodWorker.invokeTestMethods(TestMethodWorker.java:146)
	at org.testng.internal.TestMethodWorker.run(TestMethodWorker.java:128)
	at java.base/java.util.ArrayList.forEach(ArrayList.java:1511)
	at org.testng.TestRunner.privateRun(TestRunner.java:764)
	at org.testng.TestRunner.run(TestRunner.java:585)
	at org.testng.SuiteRunner.runTest(SuiteRunner.java:384)
	at org.testng.SuiteRunner.runSequentially(SuiteRunner.java:378)
	at org.testng.SuiteRunner.privateRun(SuiteRunner.java:337)
	at org.testng.SuiteRunner.run(SuiteRunner.java:286)
	at org.testng.SuiteRunnerWorker.runSuite(SuiteRunnerWorker.java:53)
	at org.testng.SuiteRunnerWorker.run(SuiteRunnerWorker.java:96)
	at org.testng.TestNG.runSuitesSequentially(TestNG.java:1218)
	at org.testng.TestNG.runSuitesLocally(TestNG.java:1140)
	at org.testng.TestNG.runSuites(TestNG.java:1069)
	at org.testng.TestNG.run(TestNG.java:1037)
	at org.testng.remote.AbstractRemoteTestNG.run(AbstractRemoteTestNG.java:115)
	at org.testng.remote.RemoteTestNG.initAndRun(RemoteTestNG.java:251)
	at org.testng.remote.RemoteTestNG.main(RemoteTestNG.java:77)
</pre></div></td>
<td>62</td>
<td>TestCases.CheckPromotion@57d7f8ca</td></tr>
</table><p>
<table width='100%' border='1' class='invocation-passed'>
<tr><td colspan='4' align='center'><b>PASSED TESTS</b></td></tr>
<tr><td><b>Test method</b></td>
<td width="30%"><b>Exception</b></td>
<td width="10%"><b>Time (seconds)</b></td>
<td><b>Instance</b></td>
</tr>
<tr>
<td title='TestCases.CheckPromotion.checkQuantityToFreeGoods()'><b>checkQuantityToFreeGoods</b><br>Test class: TestCases.CheckPromotion<br>Parameters: bonjour, cash, wafers, 6, carbon</td>
<td></td>
<td>46</td>
<td>TestCases.CheckPromotion@57d7f8ca</td></tr>
<tr>
<td title='TestCases.CheckPromotion.checkQuantityToFreeGoods()'><b>checkQuantityToFreeGoods</b><br>Test class: TestCases.CheckPromotion<br>Parameters: bonjour, cash, wafers, 5, carbon</td>
<td></td>
<td>61</td>
<td>TestCases.CheckPromotion@57d7f8ca</td></tr>
<tr>
<td title='TestCases.CheckPromotion.checkQuantityToFreeGoods()'><b>checkQuantityToFreeGoods</b><br>Test class: TestCases.CheckPromotion<br>Parameters: bonjour, cash, wafers, 10, carbon</td>
<td></td>
<td>61</td>
<td>TestCases.CheckPromotion@57d7f8ca</td></tr>
<tr>
<td title='TestCases.CheckPromotion.checkQuantityToNewPrice()'><b>checkQuantityToNewPrice</b><br>Test class: TestCases.CheckPromotion<br>Parameters: metro market, cash, wafers, 6, carbon</td>
<td></td>
<td>46</td>
<td>TestCases.CheckPromotion@57d7f8ca</td></tr>
<tr>
<td title='TestCases.CheckPromotion.checkQuantityToPercantage()'><b>checkQuantityToPercantage</b><br>Test class: TestCases.CheckPromotion<br>Parameters: bonjour, cash, bounty, 5, carbon</td>
<td></td>
<td>60</td>
<td>TestCases.CheckPromotion@57d7f8ca</td></tr>
<tr>
<td title='TestCases.CheckPromotion.checkQuantityToValue()'><b>checkQuantityToValue</b><br>Test class: TestCases.CheckPromotion<br>Parameters: bonjour, cash, Caramel chocolate, 5, carbon</td>
<td></td>
<td>59</td>
<td>TestCases.CheckPromotion@57d7f8ca</td></tr>
<tr>
<td title='TestCases.CheckPromotion.checkValueToFreeGoods()'><b>checkValueToFreeGoods</b><br>Test class: TestCases.CheckPromotion<br>Parameters: hyper one market, cash, wafers, 4, carbon</td>
<td></td>
<td>58</td>
<td>TestCases.CheckPromotion@57d7f8ca</td></tr>
<tr>
<td title='TestCases.CheckPromotion.checkValueToNewPrice()'><b>checkValueToNewPrice</b><br>Test class: TestCases.CheckPromotion<br>Parameters: metro market, cash, wafers, 4, carbon</td>
<td></td>
<td>61</td>
<td>TestCases.CheckPromotion@57d7f8ca</td></tr>
<tr>
<td title='TestCases.CheckPromotion.checkValueToPercantage()'><b>checkValueToPercantage</b><br>Test class: TestCases.CheckPromotion<br>Parameters: carrefour market, cash, wafers, 10, carbon</td>
<td></td>
<td>57</td>
<td>TestCases.CheckPromotion@57d7f8ca</td></tr>
<tr>
<td title='TestCases.CheckPromotion.checkValueToValue()'><b>checkValueToValue</b><br>Test class: TestCases.CheckPromotion<br>Parameters: hyper one market, cash, Caramel chocolate, 4, carbon</td>
<td></td>
<td>57</td>
<td>TestCases.CheckPromotion@57d7f8ca</td></tr>
</table><p>
</body>
</html>